<?xml version="1.0" encoding="UTF-8"?>
<beans xmlns="http://www.springframework.org/schema/beans" 
    xmlns:xsi="http://www.w3.org/2001/XMLSchema-instance"
    xmlns:jdbc="http://www.springframework.org/schema/jdbc"
    xsi:schemaLocation="http://www.springframework.org/schema/beans 
    	http://www.springframework.org/schema/beans/spring-beans-3.2.xsd
    	http://www.springframework.org/schema/jdbc 
    	http://www.springframework.org/schema/jdbc/spring-jdbc-3.2.xsd">
    	
    <jdbc:embedded-database id="dataSource" type="H2">
        <jdbc:script location="classpath:/rs/in/staleksit/timetracker/core/sql/schema.sql"/>
        <jdbc:script location="classpath:/rs/in/staleksit/timetracker/core/sql/init.sql"/>
    </jdbc:embedded-database>
    
</beans> 
    